{"/Users/ayo/Desktop/Code/react-native-responsive-fontSize-2-master/index.js": {"path":"/Users/ayo/Desktop/Code/react-native-responsive-fontSize-2-master/index.js","all":false,"statementMap":{"0":{"start":{"line":1,"column":0},"end":{"line":1,"column":62}},"1":{"start":{"line":2,"column":0},"end":{"line":2,"column":57}},"3":{"start":{"line":4,"column":0},"end":{"line":4,"column":3}},"4":{"start":{"line":5,"column":0},"end":{"line":5,"column":52}},"5":{"start":{"line":6,"column":0},"end":{"line":6,"column":32}},"6":{"start":{"line":7,"column":0},"end":{"line":7,"column":3}},"7":{"start":{"line":8,"column":0},"end":{"line":8,"column":26}},"8":{"start":{"line":9,"column":0},"end":{"line":9,"column":63}},"9":{"start":{"line":10,"column":0},"end":{"line":10,"column":61}},"10":{"start":{"line":11,"column":0},"end":{"line":11,"column":76}},"11":{"start":{"line":12,"column":0},"end":{"line":12,"column":65}},"12":{"start":{"line":13,"column":0},"end":{"line":13,"column":2}},"14":{"start":{"line":15,"column":0},"end":{"line":15,"column":3}},"15":{"start":{"line":16,"column":0},"end":{"line":16,"column":74}},"16":{"start":{"line":17,"column":0},"end":{"line":17,"column":67}},"17":{"start":{"line":18,"column":0},"end":{"line":18,"column":57}},"18":{"start":{"line":19,"column":0},"end":{"line":19,"column":48}},"19":{"start":{"line":20,"column":0},"end":{"line":20,"column":3}},"20":{"start":{"line":21,"column":0},"end":{"line":21,"column":21}},"21":{"start":{"line":22,"column":0},"end":{"line":22,"column":52}},"23":{"start":{"line":24,"column":0},"end":{"line":24,"column":32}},"24":{"start":{"line":25,"column":0},"end":{"line":25,"column":30}},"25":{"start":{"line":26,"column":0},"end":{"line":26,"column":45}},"26":{"start":{"line":27,"column":0},"end":{"line":27,"column":29}},"27":{"start":{"line":28,"column":0},"end":{"line":28,"column":3}},"29":{"start":{"line":30,"column":0},"end":{"line":30,"column":29}},"30":{"start":{"line":31,"column":0},"end":{"line":31,"column":40}},"31":{"start":{"line":32,"column":0},"end":{"line":32,"column":77}},"32":{"start":{"line":33,"column":0},"end":{"line":33,"column":80}},"33":{"start":{"line":34,"column":0},"end":{"line":34,"column":1}},"35":{"start":{"line":36,"column":0},"end":{"line":36,"column":3}},"36":{"start":{"line":37,"column":0},"end":{"line":37,"column":61}},"37":{"start":{"line":38,"column":0},"end":{"line":38,"column":69}},"38":{"start":{"line":39,"column":0},"end":{"line":39,"column":61}},"39":{"start":{"line":40,"column":0},"end":{"line":40,"column":3}},"40":{"start":{"line":41,"column":0},"end":{"line":41,"column":39}},"41":{"start":{"line":42,"column":0},"end":{"line":42,"column":52}},"42":{"start":{"line":43,"column":0},"end":{"line":43,"column":36}},"43":{"start":{"line":44,"column":0},"end":{"line":44,"column":53}},"45":{"start":{"line":46,"column":0},"end":{"line":46,"column":36}},"47":{"start":{"line":48,"column":0},"end":{"line":48,"column":19}},"48":{"start":{"line":49,"column":0},"end":{"line":49,"column":47}},"49":{"start":{"line":50,"column":0},"end":{"line":50,"column":72}},"50":{"start":{"line":51,"column":0},"end":{"line":51,"column":43}},"51":{"start":{"line":52,"column":0},"end":{"line":52,"column":90}},"52":{"start":{"line":53,"column":0},"end":{"line":53,"column":5}},"53":{"start":{"line":54,"column":0},"end":{"line":54,"column":3}},"55":{"start":{"line":56,"column":0},"end":{"line":56,"column":52}},"56":{"start":{"line":57,"column":0},"end":{"line":57,"column":1}},"58":{"start":{"line":59,"column":0},"end":{"line":59,"column":3}},"59":{"start":{"line":60,"column":0},"end":{"line":60,"column":67}},"60":{"start":{"line":61,"column":0},"end":{"line":61,"column":65}},"61":{"start":{"line":62,"column":0},"end":{"line":62,"column":94}},"62":{"start":{"line":63,"column":0},"end":{"line":63,"column":61}},"63":{"start":{"line":64,"column":0},"end":{"line":64,"column":3}},"64":{"start":{"line":65,"column":0},"end":{"line":65,"column":93}},"65":{"start":{"line":66,"column":0},"end":{"line":66,"column":31}},"67":{"start":{"line":68,"column":0},"end":{"line":68,"column":52}},"68":{"start":{"line":69,"column":0},"end":{"line":69,"column":36}},"69":{"start":{"line":70,"column":0},"end":{"line":70,"column":53}},"71":{"start":{"line":72,"column":0},"end":{"line":72,"column":71}},"72":{"start":{"line":73,"column":0},"end":{"line":73,"column":48}},"73":{"start":{"line":74,"column":0},"end":{"line":74,"column":63}},"74":{"start":{"line":75,"column":0},"end":{"line":75,"column":80}},"75":{"start":{"line":76,"column":0},"end":{"line":76,"column":3}},"77":{"start":{"line":78,"column":0},"end":{"line":78,"column":74}},"78":{"start":{"line":79,"column":0},"end":{"line":79,"column":59}},"79":{"start":{"line":80,"column":0},"end":{"line":80,"column":81}},"80":{"start":{"line":81,"column":0},"end":{"line":81,"column":3}},"82":{"start":{"line":83,"column":0},"end":{"line":83,"column":72}},"83":{"start":{"line":84,"column":0},"end":{"line":84,"column":1}}},"s":{"0":1,"1":1,"3":1,"4":1,"5":1,"6":1,"7":1,"8":1,"9":1,"10":1,"11":1,"12":1,"14":1,"15":1,"16":1,"17":1,"18":1,"19":1,"20":3,"21":3,"23":3,"24":3,"25":0,"26":0,"27":0,"29":3,"30":3,"31":3,"32":3,"33":3,"35":1,"36":1,"37":1,"38":1,"39":1,"40":1,"41":3,"42":3,"43":3,"45":3,"47":3,"48":3,"49":1,"50":3,"51":1,"52":1,"53":3,"55":3,"56":3,"58":1,"59":1,"60":1,"61":1,"62":1,"63":1,"64":1,"65":10,"67":9,"68":9,"69":10,"71":10,"72":10,"73":2,"74":2,"75":2,"77":7,"78":10,"79":1,"80":1,"82":6,"83":6},"branchMap":{"0":{"type":"branch","line":21,"loc":{"start":{"line":21,"column":0},"end":{"line":34,"column":1}},"locations":[{"start":{"line":21,"column":0},"end":{"line":34,"column":1}}]},"1":{"type":"branch","line":25,"loc":{"start":{"line":25,"column":29},"end":{"line":28,"column":3}},"locations":[{"start":{"line":25,"column":29},"end":{"line":28,"column":3}}]},"2":{"type":"branch","line":33,"loc":{"start":{"line":33,"column":60},"end":{"line":33,"column":79}},"locations":[{"start":{"line":33,"column":60},"end":{"line":33,"column":79}}]},"3":{"type":"branch","line":41,"loc":{"start":{"line":41,"column":7},"end":{"line":57,"column":1}},"locations":[{"start":{"line":41,"column":7},"end":{"line":57,"column":1}}]},"4":{"type":"branch","line":44,"loc":{"start":{"line":44,"column":45},"end":{"line":44,"column":52}},"locations":[{"start":{"line":44,"column":45},"end":{"line":44,"column":52}}]},"5":{"type":"branch","line":49,"loc":{"start":{"line":49,"column":30},"end":{"line":49,"column":44}},"locations":[{"start":{"line":49,"column":30},"end":{"line":49,"column":44}}]},"6":{"type":"branch","line":49,"loc":{"start":{"line":49,"column":46},"end":{"line":51,"column":5}},"locations":[{"start":{"line":49,"column":46},"end":{"line":51,"column":5}}]},"7":{"type":"branch","line":51,"loc":{"start":{"line":51,"column":5},"end":{"line":53,"column":5}},"locations":[{"start":{"line":51,"column":5},"end":{"line":53,"column":5}}]},"8":{"type":"branch","line":51,"loc":{"start":{"line":51,"column":42},"end":{"line":53,"column":5}},"locations":[{"start":{"line":51,"column":42},"end":{"line":53,"column":5}}]},"9":{"type":"branch","line":65,"loc":{"start":{"line":65,"column":7},"end":{"line":84,"column":1}},"locations":[{"start":{"line":65,"column":7},"end":{"line":84,"column":1}}]},"10":{"type":"branch","line":66,"loc":{"start":{"line":66,"column":22},"end":{"line":66,"column":31}},"locations":[{"start":{"line":66,"column":22},"end":{"line":66,"column":31}}]},"11":{"type":"branch","line":66,"loc":{"start":{"line":66,"column":30},"end":{"line":70,"column":36}},"locations":[{"start":{"line":66,"column":30},"end":{"line":70,"column":36}}]},"12":{"type":"branch","line":70,"loc":{"start":{"line":70,"column":36},"end":{"line":70,"column":44}},"locations":[{"start":{"line":70,"column":36},"end":{"line":70,"column":44}}]},"13":{"type":"branch","line":70,"loc":{"start":{"line":70,"column":45},"end":{"line":70,"column":52}},"locations":[{"start":{"line":70,"column":45},"end":{"line":70,"column":52}}]},"14":{"type":"branch","line":73,"loc":{"start":{"line":73,"column":32},"end":{"line":73,"column":45}},"locations":[{"start":{"line":73,"column":32},"end":{"line":73,"column":45}}]},"15":{"type":"branch","line":73,"loc":{"start":{"line":73,"column":47},"end":{"line":76,"column":3}},"locations":[{"start":{"line":73,"column":47},"end":{"line":76,"column":3}}]},"16":{"type":"branch","line":76,"loc":{"start":{"line":76,"column":2},"end":{"line":79,"column":28}},"locations":[{"start":{"line":76,"column":2},"end":{"line":79,"column":28}}]},"17":{"type":"branch","line":79,"loc":{"start":{"line":79,"column":28},"end":{"line":79,"column":42}},"locations":[{"start":{"line":79,"column":28},"end":{"line":79,"column":42}}]},"18":{"type":"branch","line":79,"loc":{"start":{"line":79,"column":43},"end":{"line":79,"column":56}},"locations":[{"start":{"line":79,"column":43},"end":{"line":79,"column":56}}]},"19":{"type":"branch","line":79,"loc":{"start":{"line":79,"column":58},"end":{"line":81,"column":3}},"locations":[{"start":{"line":79,"column":58},"end":{"line":81,"column":3}}]},"20":{"type":"branch","line":81,"loc":{"start":{"line":81,"column":2},"end":{"line":84,"column":1}},"locations":[{"start":{"line":81,"column":2},"end":{"line":84,"column":1}}]}},"b":{"0":[3],"1":[0],"2":[2],"3":[3],"4":[0],"5":[2],"6":[1],"7":[2],"8":[1],"9":[10],"10":[1],"11":[9],"12":[6],"13":[3],"14":[3],"15":[2],"16":[7],"17":[6],"18":[2],"19":[1],"20":[6]},"fnMap":{"0":{"name":"isTablet","decl":{"start":{"line":21,"column":0},"end":{"line":34,"column":1}},"loc":{"start":{"line":21,"column":0},"end":{"line":34,"column":1}},"line":21},"1":{"name":"RFPercentage","decl":{"start":{"line":41,"column":7},"end":{"line":57,"column":1}},"loc":{"start":{"line":41,"column":7},"end":{"line":57,"column":1}},"line":41},"2":{"name":"RFValue","decl":{"start":{"line":65,"column":7},"end":{"line":84,"column":1}},"loc":{"start":{"line":65,"column":7},"end":{"line":84,"column":1}},"line":65}},"f":{"0":3,"1":3,"2":10}}
}
